2014-09-04 16:48:57.738 [Worker-6] INFO    com.objectaid.uml.model.manage.DiagramManager getFactories: com.objectaid.uml.diagramFactories[ucls]: com.objectaid.uml.cls.model.ClassDiagramFactory@15cfbe3
2014-09-04 16:48:58.627 [Worker-6] INFO    com.objectaid.uml.model.manage.DiagramManager getFactories: com.objectaid.uml.diagramFactories[useq]: com.objectaid.uml.seq.model.SequenceDiagramFactory@175520
2014-09-04 16:49:00.483 [pool-1-thread-1] WARNING com.objectaid.uml.util.EclipseHelper loadClass: cannot find com.objectaid.uml.addon.doc.TextLink in [], no license for [com.objectaid.uml.addon]
2014-09-04 16:49:00.499 [pool-1-thread-1] WARNING com.objectaid.uml.util.EclipseHelper loadClass: cannot find com.objectaid.uml.addon.doc.TextLinkEditPart in [], no license for [com.objectaid.uml.addon]
2014-09-04 16:49:00.499 [pool-1-thread-1] WARNING com.objectaid.uml.util.EclipseHelper loadClass: cannot find com.objectaid.uml.addon.doc.PTextLink in [], no license for [com.objectaid.uml.addon]
2014-09-04 16:49:00.499 [pool-1-thread-1] WARNING com.objectaid.uml.util.EclipseHelper loadClass: cannot find com.objectaid.uml.model.diagram.ConnectionEnd in [], no license for [com.objectaid.uml.addon]
2014-09-04 16:49:00.499 [pool-1-thread-1] WARNING com.objectaid.uml.util.EclipseHelper loadClass: cannot find com.objectaid.uml.model.persistence.PersistedConnectionEnd in [], no license for [com.objectaid.uml.addon]
2014-09-04 16:49:00.499 [pool-1-thread-1] WARNING com.objectaid.uml.util.EclipseHelper loadClass: cannot find com.objectaid.uml.addon.doc.TextNodeDefinition in [com.objectaid.uml.cls], no license for [com.objectaid.uml.addon]
2014-09-04 16:49:01.965 [pool-1-thread-1] INFO    com.objectaid.uml.util.extend.ExecutableExtensionManager loadExtensions: found com.objectaid.uml.renderFormats="com.objectaid.uml.render.RasterRenderFormat" class="com.objectaid.uml.render.RasterRenderFormat" name="PNG" extension="png" antialias="true" format="5" 
2014-09-04 16:49:02.043 [pool-1-thread-1] INFO    com.objectaid.uml.util.extend.ExecutableExtensionManager loadExtensions: found com.objectaid.uml.renderFormats="com.objectaid.uml.render.RasterRenderFormat" class="com.objectaid.uml.render.RasterRenderFormat" name="JPEG" extension="jpg" antialias="true" format="4" 
2014-09-04 16:49:02.043 [pool-1-thread-1] INFO    com.objectaid.uml.util.extend.ExecutableExtensionManager loadExtensions: found com.objectaid.uml.renderFormats="com.objectaid.uml.render.IndexedRasterRenderFormat" class="com.objectaid.uml.render.IndexedRasterRenderFormat" name="GIF" extension="gif" antialias="false" format="2" 
2014-09-04 16:49:02.043 [pool-1-thread-1] WARNING com.objectaid.uml.util.EclipseHelper loadClass: cannot find com.objectaid.uml.addon.render.SVGRenderFormat in [], no license for [com.objectaid.uml.addon]
2014-09-04 16:49:02.043 [pool-1-thread-1] INFO    com.objectaid.uml.util.extend.ExecutableExtensionManager loadExtensions: found com.objectaid.uml.renderFormats='com.objectaid.uml.addon.render.SVGRenderFormat' but cannot load class
2014-09-04 16:49:02.043 [pool-1-thread-1] WARNING com.objectaid.uml.util.EclipseHelper loadClass: cannot find com.objectaid.uml.addon.render.PDFRenderFormat in [], no license for [com.objectaid.uml.addon]
2014-09-04 16:49:02.043 [pool-1-thread-1] INFO    com.objectaid.uml.util.extend.ExecutableExtensionManager loadExtensions: found com.objectaid.uml.renderFormats='com.objectaid.uml.addon.render.PDFRenderFormat' but cannot load class
2014-09-04 18:36:04.466 [main] WARNING com.objectaid.uml.util.EclipseHelper loadClass: cannot find com.objectaid.uml.addon.doc.TextDiagramEditPolicy in [], no license for [com.objectaid.uml.addon]
2014-09-04 18:36:07.129 [main] WARNING com.objectaid.uml.util.EclipseHelper loadClass: cannot find com.objectaid.uml.addon.cls.menu.DependencyContextMenuProvider in [], no license for [com.objectaid.uml.addon.cls]
2014-09-04 18:36:07.130 [main] INFO    com.objectaid.uml.util.extend.ExecutableExtensionManager loadExtensions: found com.objectaid.uml.contextMenuProviders='com.objectaid.uml.addon.cls.menu.DependencyContextMenuProvider' but cannot load class
2014-09-04 18:36:07.131 [main] INFO    com.objectaid.uml.util.extend.ExecutableExtensionManager loadExtensions: found com.objectaid.uml.contextMenuProviders="com.objectaid.uml.cls.editor.ClassDiagramContextMenuProvider" class="com.objectaid.uml.cls.editor.ClassDiagramContextMenuProvider" id="class-diagram-menu" diagramExt="ucls" 
2014-09-04 18:36:07.132 [main] WARNING com.objectaid.uml.util.EclipseHelper loadClass: cannot find com.objectaid.uml.seq.editor.SequenceDiagramContextMenuProvider in [], no license for [com.objectaid.uml.seq]
2014-09-04 18:36:07.133 [main] INFO    com.objectaid.uml.util.extend.ExecutableExtensionManager loadExtensions: found com.objectaid.uml.contextMenuProviders='com.objectaid.uml.seq.editor.SequenceDiagramContextMenuProvider' but cannot load class
2014-09-04 18:36:07.244 [main] INFO    com.objectaid.uml.util.extend.ExecutableExtensionManager loadExtensions: found com.objectaid.uml.accessors="com.objectaid.uml.model.accessor.ReflectionAccessor" id="automatic-image-PNG" property="automaticImage" type="com.objectaid.uml.render.RenderFormatManager" newValue="PNG" 
2014-09-04 18:36:07.245 [main] INFO    com.objectaid.uml.util.extend.ExecutableExtensionManager loadExtensions: found com.objectaid.uml.accessors="com.objectaid.uml.model.accessor.ReflectionAccessor" id="automatic-image-JPEG" property="automaticImage" type="com.objectaid.uml.render.RenderFormatManager" newValue="JPEG" 
2014-09-04 18:36:07.246 [main] INFO    com.objectaid.uml.util.extend.ExecutableExtensionManager loadExtensions: found com.objectaid.uml.accessors="com.objectaid.uml.model.accessor.ReflectionAccessor" id="automatic-image-GIF" property="automaticImage" type="com.objectaid.uml.render.RenderFormatManager" newValue="GIF" 
2014-09-04 18:36:07.247 [main] INFO    com.objectaid.uml.util.extend.ExecutableExtensionManager loadExtensions: found com.objectaid.uml.accessors="com.objectaid.uml.model.accessor.ReflectionAccessor" id="automatic-image-NONE" property="automaticImage" type="com.objectaid.uml.render.RenderFormatManager" newValue="NONE" 
2014-09-04 18:36:07.247 [main] WARNING com.objectaid.uml.util.EclipseHelper loadClass: cannot find com.objectaid.uml.model.accessor.ReflectionAccessor in [], no license for [com.objectaid.uml.addon]
2014-09-04 18:36:07.248 [main] INFO    com.objectaid.uml.util.extend.ExecutableExtensionManager loadExtensions: found com.objectaid.uml.accessors='com.objectaid.uml.model.accessor.ReflectionAccessor' but cannot load class
2014-09-04 18:36:07.248 [main] WARNING com.objectaid.uml.util.EclipseHelper loadClass: cannot find com.objectaid.uml.model.accessor.ReflectionAccessor in [], no license for [com.objectaid.uml.addon]
2014-09-04 18:36:07.248 [main] INFO    com.objectaid.uml.util.extend.ExecutableExtensionManager loadExtensions: found com.objectaid.uml.accessors='com.objectaid.uml.model.accessor.ReflectionAccessor' but cannot load class
2014-09-04 18:36:07.249 [main] WARNING com.objectaid.uml.util.EclipseHelper loadClass: cannot find com.objectaid.uml.model.accessor.ReflectionAccessor in [], no license for [com.objectaid.uml.addon]
2014-09-04 18:36:07.249 [main] INFO    com.objectaid.uml.util.extend.ExecutableExtensionManager loadExtensions: found com.objectaid.uml.accessors='com.objectaid.uml.model.accessor.ReflectionAccessor' but cannot load class
2014-09-04 18:36:07.250 [main] WARNING com.objectaid.uml.util.EclipseHelper loadClass: cannot find com.objectaid.uml.model.accessor.ReflectionAccessor in [], no license for [com.objectaid.uml.addon]
2014-09-04 18:36:07.250 [main] INFO    com.objectaid.uml.util.extend.ExecutableExtensionManager loadExtensions: found com.objectaid.uml.accessors='com.objectaid.uml.model.accessor.ReflectionAccessor' but cannot load class
2014-09-04 18:36:07.251 [main] WARNING com.objectaid.uml.util.EclipseHelper loadClass: cannot find com.objectaid.uml.model.accessor.ReflectionAccessor in [], no license for [com.objectaid.uml.addon]
2014-09-04 18:36:07.251 [main] INFO    com.objectaid.uml.util.extend.ExecutableExtensionManager loadExtensions: found com.objectaid.uml.accessors='com.objectaid.uml.model.accessor.ReflectionAccessor' but cannot load class
2014-09-04 18:36:07.251 [main] INFO    com.objectaid.uml.util.extend.ExecutableExtensionManager loadExtensions: found com.objectaid.uml.accessors="com.objectaid.uml.model.accessor.ReflectionAccessor" id="show-icons" property="showIcons" type="java.lang.Boolean" 
2014-09-04 18:36:07.252 [main] INFO    com.objectaid.uml.util.extend.ExecutableExtensionManager loadExtensions: found com.objectaid.uml.accessors="com.objectaid.uml.model.accessor.ReflectionAccessor" id="show-stereotype" property="displayOptions.showStereotype" type="java.lang.Boolean" 
2014-09-04 18:36:07.253 [main] INFO    com.objectaid.uml.util.extend.ExecutableExtensionManager loadExtensions: found com.objectaid.uml.accessors="com.objectaid.uml.model.accessor.ReflectionAccessor" id="show-package-name" property="displayOptions.showPackageName" type="java.lang.Boolean" 
2014-09-04 18:36:07.253 [main] INFO    com.objectaid.uml.util.extend.ExecutableExtensionManager loadExtensions: found com.objectaid.uml.accessors="com.objectaid.uml.model.accessor.ReflectionAccessor" id="show-visibility" property="displayOptions.showVisibility" type="java.lang.Boolean" 
2014-09-04 18:36:07.254 [main] INFO    com.objectaid.uml.util.extend.ExecutableExtensionManager loadExtensions: found com.objectaid.uml.accessors="com.objectaid.uml.model.accessor.ReflectionAccessor" id="automatic-resize" property="displayOptions.autoSize" type="java.lang.Boolean" 
2014-09-04 18:36:07.254 [main] INFO    com.objectaid.uml.util.extend.ExecutableExtensionManager loadExtensions: found com.objectaid.uml.accessors="com.objectaid.uml.model.accessor.ReflectionAccessor" id="show-attribute-default" property="displayOptions.showAttributeDefault" type="java.lang.Boolean" 
2014-09-04 18:36:07.255 [main] INFO    com.objectaid.uml.util.extend.ExecutableExtensionManager loadExtensions: found com.objectaid.uml.accessors="com.objectaid.uml.model.accessor.ReflectionAccessor" id="show-operation-signature" property="displayOptions.showOperationSignature" type="java.lang.Boolean" 
2014-09-04 18:36:07.255 [main] INFO    com.objectaid.uml.util.extend.ExecutableExtensionManager loadExtensions: found com.objectaid.uml.accessors="com.objectaid.uml.model.accessor.ReflectionAccessor" id="show-public-attributes" property="displayOptions.attributeFilter.showPublic" type="java.lang.Boolean" 
2014-09-04 18:36:07.256 [main] INFO    com.objectaid.uml.util.extend.ExecutableExtensionManager loadExtensions: found com.objectaid.uml.accessors="com.objectaid.uml.model.accessor.ReflectionAccessor" id="show-protected-attributes" property="displayOptions.attributeFilter.showProtected" type="java.lang.Boolean" 
2014-09-04 18:36:07.256 [main] INFO    com.objectaid.uml.util.extend.ExecutableExtensionManager loadExtensions: found com.objectaid.uml.accessors="com.objectaid.uml.model.accessor.ReflectionAccessor" id="show-package-attributes" property="displayOptions.attributeFilter.showPackage" type="java.lang.Boolean" 
2014-09-04 18:36:07.257 [main] INFO    com.objectaid.uml.util.extend.ExecutableExtensionManager loadExtensions: found com.objectaid.uml.accessors="com.objectaid.uml.model.accessor.ReflectionAccessor" id="show-private-attributes" property="displayOptions.attributeFilter.showPrivate" type="java.lang.Boolean" 
2014-09-04 18:36:07.257 [main] INFO    com.objectaid.uml.util.extend.ExecutableExtensionManager loadExtensions: found com.objectaid.uml.accessors="com.objectaid.uml.model.accessor.ReflectionAccessor" id="show-static-attributes" property="displayOptions.attributeFilter.showStatic" type="java.lang.Boolean" 
2014-09-04 18:36:07.260 [main] INFO    com.objectaid.uml.util.extend.ExecutableExtensionManager loadExtensions: found com.objectaid.uml.accessors="com.objectaid.uml.model.accessor.ReflectionAccessor" id="show-all-attributes" property="displayOptions.attributeFilter.show" type="java.lang.Boolean" newValue="true" 
2014-09-04 18:36:07.261 [main] INFO    com.objectaid.uml.util.extend.ExecutableExtensionManager loadExtensions: found com.objectaid.uml.accessors="com.objectaid.uml.model.accessor.ReflectionAccessor" id="show-no-attributes" property="displayOptions.attributeFilter.show" type="java.lang.Boolean" newValue="false" 
2014-09-04 18:36:07.261 [main] INFO    com.objectaid.uml.util.extend.ExecutableExtensionManager loadExtensions: found com.objectaid.uml.accessors="com.objectaid.uml.model.accessor.ReflectionAccessor" id="show-public-operations" property="displayOptions.operationFilter.showPublic" type="java.lang.Boolean" 
2014-09-04 18:36:07.262 [main] INFO    com.objectaid.uml.util.extend.ExecutableExtensionManager loadExtensions: found com.objectaid.uml.accessors="com.objectaid.uml.model.accessor.ReflectionAccessor" id="show-protected-operations" property="displayOptions.operationFilter.showProtected" type="java.lang.Boolean" 
2014-09-04 18:36:07.262 [main] INFO    com.objectaid.uml.util.extend.ExecutableExtensionManager loadExtensions: found com.objectaid.uml.accessors="com.objectaid.uml.model.accessor.ReflectionAccessor" id="show-package-operations" property="displayOptions.operationFilter.showPackage" type="java.lang.Boolean" 
2014-09-04 18:36:07.263 [main] INFO    com.objectaid.uml.util.extend.ExecutableExtensionManager loadExtensions: found com.objectaid.uml.accessors="com.objectaid.uml.model.accessor.ReflectionAccessor" id="show-private-operations" property="displayOptions.operationFilter.showPrivate" type="java.lang.Boolean" 
2014-09-04 18:36:07.264 [main] INFO    com.objectaid.uml.util.extend.ExecutableExtensionManager loadExtensions: found com.objectaid.uml.accessors="com.objectaid.uml.model.accessor.ReflectionAccessor" id="show-static-operations" property="displayOptions.operationFilter.showStatic" type="java.lang.Boolean" 
2014-09-04 18:36:07.264 [main] INFO    com.objectaid.uml.util.extend.ExecutableExtensionManager loadExtensions: found com.objectaid.uml.accessors="com.objectaid.uml.model.accessor.ReflectionAccessor" id="show-all-operations" property="displayOptions.operationFilter.show" type="java.lang.Boolean" newValue="true" 
2014-09-04 18:36:07.265 [main] INFO    com.objectaid.uml.util.extend.ExecutableExtensionManager loadExtensions: found com.objectaid.uml.accessors="com.objectaid.uml.model.accessor.ReflectionAccessor" id="show-no-operations" property="displayOptions.operationFilter.show" type="java.lang.Boolean" newValue="false" 
2014-09-04 18:36:07.265 [main] INFO    com.objectaid.uml.util.extend.ExecutableExtensionManager loadExtensions: found com.objectaid.uml.accessors="com.objectaid.uml.model.accessor.ReflectionAccessor" id="show-labels" property="associationDisplayOptions.showLabels" type="java.lang.Boolean" 
2014-09-04 18:36:07.266 [main] INFO    com.objectaid.uml.util.extend.ExecutableExtensionManager loadExtensions: found com.objectaid.uml.accessors="com.objectaid.uml.model.accessor.ReflectionAccessor" id="show-multiplicity" property="associationDisplayOptions.showMultiplicity" type="java.lang.Boolean" 
2014-09-04 18:36:07.266 [main] INFO    com.objectaid.uml.util.extend.ExecutableExtensionManager loadExtensions: found com.objectaid.uml.accessors="com.objectaid.uml.model.accessor.ReflectionAccessor" id="auto-locate" property="position" type="org.eclipse.draw2d.geometry.Rectangle" 
2014-09-04 18:36:07.267 [main] INFO    com.objectaid.uml.util.extend.ExecutableExtensionManager loadExtensions: found com.objectaid.uml.accessors="com.objectaid.uml.model.accessor.ReflectionAccessor" id="corner-top-left" property="selfConnectionCorner" newValue="TOP_LEFT" type="com.objectaid.uml.model.diagram.NodeCorner" 
2014-09-04 18:36:07.268 [main] INFO    com.objectaid.uml.util.extend.ExecutableExtensionManager loadExtensions: found com.objectaid.uml.accessors="com.objectaid.uml.model.accessor.ReflectionAccessor" id="corner-top-right" property="selfConnectionCorner" newValue="TOP_RIGHT" type="com.objectaid.uml.model.diagram.NodeCorner" 
2014-09-04 18:36:07.268 [main] INFO    com.objectaid.uml.util.extend.ExecutableExtensionManager loadExtensions: found com.objectaid.uml.accessors="com.objectaid.uml.model.accessor.ReflectionAccessor" id="corner-bottom-left" property="selfConnectionCorner" newValue="BOTTOM_LEFT" type="com.objectaid.uml.model.diagram.NodeCorner" 
2014-09-04 18:36:07.269 [main] INFO    com.objectaid.uml.util.extend.ExecutableExtensionManager loadExtensions: found com.objectaid.uml.accessors="com.objectaid.uml.model.accessor.ReflectionAccessor" id="corner-bottom-right" property="selfConnectionCorner" newValue="BOTTOM_RIGHT" type="com.objectaid.uml.model.diagram.NodeCorner" 
2014-09-04 18:36:07.270 [main] INFO    com.objectaid.uml.util.extend.ExecutableExtensionManager loadExtensions: found com.objectaid.uml.accessors="com.objectaid.uml.model.accessor.ReflectionAccessor" id="always-add-relationships" property="relationshipAddOptions.alwaysAddRelationships" type="java.lang.Boolean" 
2014-09-04 18:36:07.270 [main] INFO    com.objectaid.uml.util.extend.ExecutableExtensionManager loadExtensions: found com.objectaid.uml.accessors="com.objectaid.uml.model.accessor.ReflectionAccessor" id="add-generalizations" property="relationshipAddOptions.addGeneralizations" type="java.lang.Boolean" 
2014-09-04 18:36:07.271 [main] INFO    com.objectaid.uml.util.extend.ExecutableExtensionManager loadExtensions: found com.objectaid.uml.accessors="com.objectaid.uml.model.accessor.ReflectionAccessor" id="add-realizations" property="relationshipAddOptions.addRealizations" type="java.lang.Boolean" 
2014-09-04 18:36:07.271 [main] INFO    com.objectaid.uml.util.extend.ExecutableExtensionManager loadExtensions: found com.objectaid.uml.accessors="com.objectaid.uml.model.accessor.ReflectionAccessor" id="add-associations" property="relationshipAddOptions.addAssociations" type="java.lang.Boolean" 
2014-09-04 18:36:07.272 [main] INFO    com.objectaid.uml.util.extend.ExecutableExtensionManager loadExtensions: found com.objectaid.uml.accessors="com.objectaid.uml.model.accessor.ReflectionAccessor" id="add-dependencies" property="relationshipAddOptions.addDependencies" type="java.lang.Boolean" 
2014-09-04 18:36:07.272 [main] INFO    com.objectaid.uml.util.extend.ExecutableExtensionManager loadExtensions: found com.objectaid.uml.accessors="com.objectaid.uml.model.accessor.ReflectionAccessor" id="add-nesting-relationships" property="relationshipAddOptions.addNestingRelationships" type="java.lang.Boolean" 
2014-09-04 18:36:26.451 [main] INFO    com.objectaid.uml.model.manage.LanguageElementManager getLanguageElementFactories: com.objectaid.uml.languageElementFactories: com.objectaid.uml.java.JavaElementFactory
2014-09-04 18:36:26.845 [main] WARNING com.objectaid.uml.util.EclipseHelper loadClass: cannot find com.objectaid.uml.addon.order.NodeOrderEditPolicy in [], no license for [com.objectaid.uml.addon]
2014-09-04 18:36:26.845 [main] WARNING com.objectaid.uml.util.EclipseHelper loadClass: cannot find com.objectaid.uml.addon.doc.TextLinkCreationEditPolicy in [], no license for [com.objectaid.uml.addon]
2014-09-04 18:36:27.051 [main] WARNING com.objectaid.uml.util.EclipseHelper loadClass: cannot find com.objectaid.uml.addon.java.action.CopyQualifiedNameActionRunnable in [], no license for [com.objectaid.uml.addon.java]
2014-09-04 18:36:27.066 [main] WARNING com.objectaid.uml.util.EclipseHelper loadClass: cannot find com.objectaid.uml.seq.java.AddCalledMethodsActionRunnable in [], no license for [com.objectaid.uml.seq.java]
2014-09-04 18:36:29.429 [main] WARNING com.objectaid.uml.util.EclipseHelper loadClass: cannot find com.objectaid.uml.addon.order.NodeOrderEditPolicy in [], no license for [com.objectaid.uml.addon]
2014-09-04 18:36:29.430 [main] WARNING com.objectaid.uml.util.EclipseHelper loadClass: cannot find com.objectaid.uml.addon.doc.TextLinkCreationEditPolicy in [], no license for [com.objectaid.uml.addon]
2014-09-04 18:36:29.469 [main] WARNING com.objectaid.uml.util.EclipseHelper loadClass: cannot find com.objectaid.uml.addon.doc.TextLinkCreationEditPolicy in [], no license for [com.objectaid.uml.addon]
2014-09-04 18:36:32.172 [main] WARNING com.objectaid.uml.util.EclipseHelper loadClass: cannot find com.objectaid.uml.addon.order.NodeOrderEditPolicy in [], no license for [com.objectaid.uml.addon]
2014-09-04 18:36:32.173 [main] WARNING com.objectaid.uml.util.EclipseHelper loadClass: cannot find com.objectaid.uml.addon.doc.TextLinkCreationEditPolicy in [], no license for [com.objectaid.uml.addon]
2014-09-04 18:36:32.182 [main] WARNING com.objectaid.uml.util.EclipseHelper loadClass: cannot find com.objectaid.uml.addon.doc.TextLinkCreationEditPolicy in [], no license for [com.objectaid.uml.addon]
2014-09-04 18:36:35.169 [main] WARNING com.objectaid.uml.util.EclipseHelper loadClass: cannot find com.objectaid.uml.addon.order.NodeOrderEditPolicy in [], no license for [com.objectaid.uml.addon]
2014-09-04 18:36:35.170 [main] WARNING com.objectaid.uml.util.EclipseHelper loadClass: cannot find com.objectaid.uml.addon.doc.TextLinkCreationEditPolicy in [], no license for [com.objectaid.uml.addon]
2014-09-04 18:36:35.174 [main] WARNING com.objectaid.uml.util.EclipseHelper loadClass: cannot find com.objectaid.uml.addon.doc.TextLinkCreationEditPolicy in [], no license for [com.objectaid.uml.addon]
2014-09-04 18:36:35.176 [main] WARNING com.objectaid.uml.util.EclipseHelper loadClass: cannot find com.objectaid.uml.addon.doc.TextLinkCreationEditPolicy in [], no license for [com.objectaid.uml.addon]
2014-09-04 18:36:35.209 [main] WARNING com.objectaid.uml.util.EclipseHelper loadClass: cannot find com.objectaid.uml.addon.edit.MultiplicityDirectEditPolicy in [], no license for [com.objectaid.uml.addon]
2014-09-04 18:36:35.215 [main] WARNING com.objectaid.uml.util.EclipseHelper loadClass: cannot find com.objectaid.uml.addon.doc.TextLinkCreationEditPolicy in [], no license for [com.objectaid.uml.addon]
2014-09-04 18:36:35.216 [main] WARNING com.objectaid.uml.util.EclipseHelper loadClass: cannot find com.objectaid.uml.addon.doc.TextLinkCreationEditPolicy in [], no license for [com.objectaid.uml.addon]
2014-09-04 18:36:35.217 [main] WARNING com.objectaid.uml.util.EclipseHelper loadClass: cannot find com.objectaid.uml.addon.edit.MultiplicityDirectEditPolicy in [], no license for [com.objectaid.uml.addon]
2014-09-04 18:36:35.221 [main] WARNING com.objectaid.uml.util.EclipseHelper loadClass: cannot find com.objectaid.uml.addon.doc.TextLinkCreationEditPolicy in [], no license for [com.objectaid.uml.addon]
2014-09-04 18:36:35.221 [main] WARNING com.objectaid.uml.util.EclipseHelper loadClass: cannot find com.objectaid.uml.addon.edit.MultiplicityDirectEditPolicy in [], no license for [com.objectaid.uml.addon]
2014-09-04 18:36:35.225 [main] WARNING com.objectaid.uml.util.EclipseHelper loadClass: cannot find com.objectaid.uml.addon.doc.TextLinkCreationEditPolicy in [], no license for [com.objectaid.uml.addon]
2014-09-04 18:36:35.225 [main] WARNING com.objectaid.uml.util.EclipseHelper loadClass: cannot find com.objectaid.uml.addon.edit.MultiplicityDirectEditPolicy in [], no license for [com.objectaid.uml.addon]
2014-09-04 18:36:35.229 [main] WARNING com.objectaid.uml.util.EclipseHelper loadClass: cannot find com.objectaid.uml.addon.doc.TextLinkCreationEditPolicy in [], no license for [com.objectaid.uml.addon]
2014-09-04 18:36:35.229 [main] WARNING com.objectaid.uml.util.EclipseHelper loadClass: cannot find com.objectaid.uml.addon.edit.MultiplicityDirectEditPolicy in [], no license for [com.objectaid.uml.addon]
2014-09-04 18:36:35.233 [main] WARNING com.objectaid.uml.util.EclipseHelper loadClass: cannot find com.objectaid.uml.addon.doc.TextLinkCreationEditPolicy in [], no license for [com.objectaid.uml.addon]
2014-09-04 18:36:35.234 [main] WARNING com.objectaid.uml.util.EclipseHelper loadClass: cannot find com.objectaid.uml.addon.edit.MultiplicityDirectEditPolicy in [], no license for [com.objectaid.uml.addon]
2014-09-04 18:36:35.235 [main] WARNING com.objectaid.uml.util.EclipseHelper loadClass: cannot find com.objectaid.uml.addon.doc.TextLinkCreationEditPolicy in [], no license for [com.objectaid.uml.addon]
2014-09-04 18:36:35.235 [main] WARNING com.objectaid.uml.util.EclipseHelper loadClass: cannot find com.objectaid.uml.addon.edit.MultiplicityDirectEditPolicy in [], no license for [com.objectaid.uml.addon]
2014-09-04 18:36:35.239 [main] WARNING com.objectaid.uml.util.EclipseHelper loadClass: cannot find com.objectaid.uml.addon.doc.TextLinkCreationEditPolicy in [], no license for [com.objectaid.uml.addon]
2014-09-04 18:37:29.463 [main] WARNING com.objectaid.uml.util.EclipseHelper loadClass: cannot find com.objectaid.uml.addon.order.NodeOrderEditPolicy in [], no license for [com.objectaid.uml.addon]
2014-09-04 18:37:29.464 [main] WARNING com.objectaid.uml.util.EclipseHelper loadClass: cannot find com.objectaid.uml.addon.doc.TextLinkCreationEditPolicy in [], no license for [com.objectaid.uml.addon]
2014-09-04 18:37:29.467 [main] WARNING com.objectaid.uml.util.EclipseHelper loadClass: cannot find com.objectaid.uml.addon.order.NodeOrderEditPolicy in [], no license for [com.objectaid.uml.addon]
2014-09-04 18:37:29.467 [main] WARNING com.objectaid.uml.util.EclipseHelper loadClass: cannot find com.objectaid.uml.addon.doc.TextLinkCreationEditPolicy in [], no license for [com.objectaid.uml.addon]
2014-09-04 18:37:29.489 [main] WARNING com.objectaid.uml.util.EclipseHelper loadClass: cannot find com.objectaid.uml.addon.doc.TextLinkCreationEditPolicy in [], no license for [com.objectaid.uml.addon]
2014-09-04 18:37:29.490 [main] WARNING com.objectaid.uml.util.EclipseHelper loadClass: cannot find com.objectaid.uml.addon.doc.TextLinkCreationEditPolicy in [], no license for [com.objectaid.uml.addon]
2014-09-04 18:37:29.491 [main] WARNING com.objectaid.uml.util.EclipseHelper loadClass: cannot find com.objectaid.uml.addon.edit.MultiplicityDirectEditPolicy in [], no license for [com.objectaid.uml.addon]
2014-09-04 18:37:29.492 [main] WARNING com.objectaid.uml.util.EclipseHelper loadClass: cannot find com.objectaid.uml.addon.doc.TextLinkCreationEditPolicy in [], no license for [com.objectaid.uml.addon]
2014-09-04 18:37:29.492 [main] WARNING com.objectaid.uml.util.EclipseHelper loadClass: cannot find com.objectaid.uml.addon.edit.MultiplicityDirectEditPolicy in [], no license for [com.objectaid.uml.addon]
2014-09-04 18:37:29.493 [main] WARNING com.objectaid.uml.util.EclipseHelper loadClass: cannot find com.objectaid.uml.addon.doc.TextLinkCreationEditPolicy in [], no license for [com.objectaid.uml.addon]
2014-09-04 18:37:29.494 [main] WARNING com.objectaid.uml.util.EclipseHelper loadClass: cannot find com.objectaid.uml.addon.edit.MultiplicityDirectEditPolicy in [], no license for [com.objectaid.uml.addon]
2014-09-04 18:38:06.113 [main] WARNING com.objectaid.uml.util.EclipseHelper loadClass: cannot find com.objectaid.uml.addon.order.NodeOrderEditPolicy in [], no license for [com.objectaid.uml.addon]
2014-09-04 18:38:06.114 [main] WARNING com.objectaid.uml.util.EclipseHelper loadClass: cannot find com.objectaid.uml.addon.doc.TextLinkCreationEditPolicy in [], no license for [com.objectaid.uml.addon]
2014-09-04 18:46:17.707 [main] WARNING com.objectaid.uml.util.EclipseHelper loadClass: cannot find com.objectaid.uml.addon.order.NodeOrderEditPolicy in [], no license for [com.objectaid.uml.addon]
2014-09-04 18:46:17.708 [main] WARNING com.objectaid.uml.util.EclipseHelper loadClass: cannot find com.objectaid.uml.addon.doc.TextLinkCreationEditPolicy in [], no license for [com.objectaid.uml.addon]
2014-09-04 18:46:23.419 [main] WARNING com.objectaid.uml.util.EclipseHelper loadClass: cannot find com.objectaid.uml.addon.order.NodeOrderEditPolicy in [], no license for [com.objectaid.uml.addon]
2014-09-04 18:46:23.420 [main] WARNING com.objectaid.uml.util.EclipseHelper loadClass: cannot find com.objectaid.uml.addon.doc.TextLinkCreationEditPolicy in [], no license for [com.objectaid.uml.addon]
2014-09-04 18:46:27.012 [main] WARNING com.objectaid.uml.util.EclipseHelper loadClass: cannot find com.objectaid.uml.addon.order.NodeOrderEditPolicy in [], no license for [com.objectaid.uml.addon]
2014-09-04 18:46:27.013 [main] WARNING com.objectaid.uml.util.EclipseHelper loadClass: cannot find com.objectaid.uml.addon.doc.TextLinkCreationEditPolicy in [], no license for [com.objectaid.uml.addon]
2014-09-04 18:46:27.028 [main] WARNING com.objectaid.uml.util.EclipseHelper loadClass: cannot find com.objectaid.uml.addon.order.NodeOrderEditPolicy in [], no license for [com.objectaid.uml.addon]
2014-09-04 18:46:27.028 [main] WARNING com.objectaid.uml.util.EclipseHelper loadClass: cannot find com.objectaid.uml.addon.doc.TextLinkCreationEditPolicy in [], no license for [com.objectaid.uml.addon]
2014-09-04 18:46:27.030 [main] WARNING com.objectaid.uml.util.EclipseHelper loadClass: cannot find com.objectaid.uml.addon.doc.TextLinkCreationEditPolicy in [], no license for [com.objectaid.uml.addon]
2014-09-04 18:46:27.030 [main] WARNING com.objectaid.uml.util.EclipseHelper loadClass: cannot find com.objectaid.uml.addon.edit.MultiplicityDirectEditPolicy in [], no license for [com.objectaid.uml.addon]
2014-09-04 18:46:27.035 [main] WARNING com.objectaid.uml.util.EclipseHelper loadClass: cannot find com.objectaid.uml.addon.doc.TextLinkCreationEditPolicy in [], no license for [com.objectaid.uml.addon]
2014-09-04 18:46:27.036 [main] WARNING com.objectaid.uml.util.EclipseHelper loadClass: cannot find com.objectaid.uml.addon.edit.MultiplicityDirectEditPolicy in [], no license for [com.objectaid.uml.addon]
2014-09-04 18:46:27.037 [main] WARNING com.objectaid.uml.util.EclipseHelper loadClass: cannot find com.objectaid.uml.addon.doc.TextLinkCreationEditPolicy in [], no license for [com.objectaid.uml.addon]
2014-09-04 18:46:27.037 [main] WARNING com.objectaid.uml.util.EclipseHelper loadClass: cannot find com.objectaid.uml.addon.edit.MultiplicityDirectEditPolicy in [], no license for [com.objectaid.uml.addon]
2014-09-04 18:46:27.038 [main] WARNING com.objectaid.uml.util.EclipseHelper loadClass: cannot find com.objectaid.uml.addon.doc.TextLinkCreationEditPolicy in [], no license for [com.objectaid.uml.addon]
2014-09-04 18:46:27.039 [main] WARNING com.objectaid.uml.util.EclipseHelper loadClass: cannot find com.objectaid.uml.addon.edit.MultiplicityDirectEditPolicy in [], no license for [com.objectaid.uml.addon]
2014-09-04 18:46:27.040 [main] WARNING com.objectaid.uml.util.EclipseHelper loadClass: cannot find com.objectaid.uml.addon.doc.TextLinkCreationEditPolicy in [], no license for [com.objectaid.uml.addon]
2014-09-04 18:46:27.041 [main] WARNING com.objectaid.uml.util.EclipseHelper loadClass: cannot find com.objectaid.uml.addon.doc.TextLinkCreationEditPolicy in [], no license for [com.objectaid.uml.addon]
2014-09-04 18:46:27.041 [main] WARNING com.objectaid.uml.util.EclipseHelper loadClass: cannot find com.objectaid.uml.addon.edit.MultiplicityDirectEditPolicy in [], no license for [com.objectaid.uml.addon]
2014-09-04 18:46:27.043 [main] WARNING com.objectaid.uml.util.EclipseHelper loadClass: cannot find com.objectaid.uml.addon.doc.TextLinkCreationEditPolicy in [], no license for [com.objectaid.uml.addon]
2014-09-04 18:46:27.044 [main] WARNING com.objectaid.uml.util.EclipseHelper loadClass: cannot find com.objectaid.uml.addon.edit.MultiplicityDirectEditPolicy in [], no license for [com.objectaid.uml.addon]
2014-09-04 18:46:27.045 [main] WARNING com.objectaid.uml.util.EclipseHelper loadClass: cannot find com.objectaid.uml.addon.doc.TextLinkCreationEditPolicy in [], no license for [com.objectaid.uml.addon]
2014-09-04 18:46:27.046 [main] WARNING com.objectaid.uml.util.EclipseHelper loadClass: cannot find com.objectaid.uml.addon.edit.MultiplicityDirectEditPolicy in [], no license for [com.objectaid.uml.addon]
2014-09-04 18:46:27.049 [main] WARNING com.objectaid.uml.util.EclipseHelper loadClass: cannot find com.objectaid.uml.addon.doc.TextLinkCreationEditPolicy in [], no license for [com.objectaid.uml.addon]
2014-09-04 18:46:27.050 [main] WARNING com.objectaid.uml.util.EclipseHelper loadClass: cannot find com.objectaid.uml.addon.edit.MultiplicityDirectEditPolicy in [], no license for [com.objectaid.uml.addon]
2014-09-04 18:46:27.051 [main] WARNING com.objectaid.uml.util.EclipseHelper loadClass: cannot find com.objectaid.uml.addon.doc.TextLinkCreationEditPolicy in [], no license for [com.objectaid.uml.addon]
2014-09-04 18:46:27.052 [main] WARNING com.objectaid.uml.util.EclipseHelper loadClass: cannot find com.objectaid.uml.addon.edit.MultiplicityDirectEditPolicy in [], no license for [com.objectaid.uml.addon]
2014-09-04 18:46:27.059 [main] WARNING com.objectaid.uml.util.EclipseHelper loadClass: cannot find com.objectaid.uml.addon.doc.TextLinkCreationEditPolicy in [], no license for [com.objectaid.uml.addon]
2014-09-04 18:46:27.060 [main] WARNING com.objectaid.uml.util.EclipseHelper loadClass: cannot find com.objectaid.uml.addon.edit.MultiplicityDirectEditPolicy in [], no license for [com.objectaid.uml.addon]
2014-09-04 18:46:27.063 [main] WARNING com.objectaid.uml.util.EclipseHelper loadClass: cannot find com.objectaid.uml.addon.doc.TextLinkCreationEditPolicy in [], no license for [com.objectaid.uml.addon]
2014-09-04 18:46:27.063 [main] WARNING com.objectaid.uml.util.EclipseHelper loadClass: cannot find com.objectaid.uml.addon.edit.MultiplicityDirectEditPolicy in [], no license for [com.objectaid.uml.addon]
2014-09-04 18:46:27.066 [main] WARNING com.objectaid.uml.util.EclipseHelper loadClass: cannot find com.objectaid.uml.addon.doc.TextLinkCreationEditPolicy in [], no license for [com.objectaid.uml.addon]
2014-09-04 18:46:27.067 [main] WARNING com.objectaid.uml.util.EclipseHelper loadClass: cannot find com.objectaid.uml.addon.edit.MultiplicityDirectEditPolicy in [], no license for [com.objectaid.uml.addon]
2014-09-04 18:47:22.564 [main] WARNING com.objectaid.uml.util.EclipseHelper loadClass: cannot find com.objectaid.uml.addon.edit.MultiplicityDirectEditPolicy in [], no license for [com.objectaid.uml.addon]
2014-09-04 18:47:43.176 [main] WARNING com.objectaid.uml.util.EclipseHelper loadClass: cannot find com.objectaid.uml.addon.order.NodeOrderEditPolicy in [], no license for [com.objectaid.uml.addon]
2014-09-04 18:47:43.177 [main] WARNING com.objectaid.uml.util.EclipseHelper loadClass: cannot find com.objectaid.uml.addon.doc.TextLinkCreationEditPolicy in [], no license for [com.objectaid.uml.addon]
2014-09-04 18:47:43.183 [main] WARNING com.objectaid.uml.util.EclipseHelper loadClass: cannot find com.objectaid.uml.addon.doc.TextLinkCreationEditPolicy in [], no license for [com.objectaid.uml.addon]
2014-09-04 18:47:43.184 [main] WARNING com.objectaid.uml.util.EclipseHelper loadClass: cannot find com.objectaid.uml.addon.edit.MultiplicityDirectEditPolicy in [], no license for [com.objectaid.uml.addon]
2014-09-04 18:47:43.185 [main] WARNING com.objectaid.uml.util.EclipseHelper loadClass: cannot find com.objectaid.uml.addon.doc.TextLinkCreationEditPolicy in [], no license for [com.objectaid.uml.addon]
2014-09-04 18:47:43.185 [main] WARNING com.objectaid.uml.util.EclipseHelper loadClass: cannot find com.objectaid.uml.addon.edit.MultiplicityDirectEditPolicy in [], no license for [com.objectaid.uml.addon]
2014-09-04 18:48:14.704 [main] WARNING com.objectaid.uml.util.EclipseHelper loadClass: cannot find com.objectaid.uml.addon.order.NodeOrderEditPolicy in [], no license for [com.objectaid.uml.addon]
2014-09-04 18:48:14.705 [main] WARNING com.objectaid.uml.util.EclipseHelper loadClass: cannot find com.objectaid.uml.addon.doc.TextLinkCreationEditPolicy in [], no license for [com.objectaid.uml.addon]
2014-09-04 18:48:14.709 [main] WARNING com.objectaid.uml.util.EclipseHelper loadClass: cannot find com.objectaid.uml.addon.doc.TextLinkCreationEditPolicy in [], no license for [com.objectaid.uml.addon]
2014-09-04 18:48:14.709 [main] WARNING com.objectaid.uml.util.EclipseHelper loadClass: cannot find com.objectaid.uml.addon.edit.MultiplicityDirectEditPolicy in [], no license for [com.objectaid.uml.addon]
2014-09-04 18:48:14.711 [main] WARNING com.objectaid.uml.util.EclipseHelper loadClass: cannot find com.objectaid.uml.addon.doc.TextLinkCreationEditPolicy in [], no license for [com.objectaid.uml.addon]
2014-09-04 18:48:14.711 [main] WARNING com.objectaid.uml.util.EclipseHelper loadClass: cannot find com.objectaid.uml.addon.edit.MultiplicityDirectEditPolicy in [], no license for [com.objectaid.uml.addon]
2014-09-04 18:48:14.712 [main] WARNING com.objectaid.uml.util.EclipseHelper loadClass: cannot find com.objectaid.uml.addon.doc.TextLinkCreationEditPolicy in [], no license for [com.objectaid.uml.addon]
2014-09-04 18:48:14.713 [main] WARNING com.objectaid.uml.util.EclipseHelper loadClass: cannot find com.objectaid.uml.addon.edit.MultiplicityDirectEditPolicy in [], no license for [com.objectaid.uml.addon]
2014-09-04 18:48:20.573 [main] WARNING com.objectaid.uml.util.EclipseHelper loadClass: cannot find com.objectaid.uml.addon.edit.MultiplicityDirectEditPolicy in [], no license for [com.objectaid.uml.addon]
2014-09-04 18:48:34.603 [main] WARNING com.objectaid.uml.util.EclipseHelper loadClass: cannot find com.objectaid.uml.addon.order.NodeOrderEditPolicy in [], no license for [com.objectaid.uml.addon]
2014-09-04 18:48:34.604 [main] WARNING com.objectaid.uml.util.EclipseHelper loadClass: cannot find com.objectaid.uml.addon.doc.TextLinkCreationEditPolicy in [], no license for [com.objectaid.uml.addon]
2014-09-04 19:06:07.844 [main] WARNING com.objectaid.uml.util.EclipseHelper loadClass: cannot find com.objectaid.uml.addon.order.NodeOrderEditPolicy in [], no license for [com.objectaid.uml.addon]
2014-09-04 19:06:07.844 [main] WARNING com.objectaid.uml.util.EclipseHelper loadClass: cannot find com.objectaid.uml.addon.doc.TextLinkCreationEditPolicy in [], no license for [com.objectaid.uml.addon]
2014-09-04 19:06:40.117 [main] WARNING com.objectaid.uml.util.EclipseHelper loadClass: cannot find com.objectaid.uml.addon.order.NodeOrderEditPolicy in [], no license for [com.objectaid.uml.addon]
2014-09-04 19:06:40.118 [main] WARNING com.objectaid.uml.util.EclipseHelper loadClass: cannot find com.objectaid.uml.addon.doc.TextLinkCreationEditPolicy in [], no license for [com.objectaid.uml.addon]
2014-09-04 19:06:48.258 [main] WARNING com.objectaid.uml.util.EclipseHelper loadClass: cannot find com.objectaid.uml.addon.order.NodeOrderEditPolicy in [], no license for [com.objectaid.uml.addon]
2014-09-04 19:06:48.259 [main] WARNING com.objectaid.uml.util.EclipseHelper loadClass: cannot find com.objectaid.uml.addon.doc.TextLinkCreationEditPolicy in [], no license for [com.objectaid.uml.addon]
2014-09-04 19:06:55.420 [main] WARNING com.objectaid.uml.util.EclipseHelper loadClass: cannot find com.objectaid.uml.addon.order.NodeOrderEditPolicy in [], no license for [com.objectaid.uml.addon]
2014-09-04 19:06:55.421 [main] WARNING com.objectaid.uml.util.EclipseHelper loadClass: cannot find com.objectaid.uml.addon.doc.TextLinkCreationEditPolicy in [], no license for [com.objectaid.uml.addon]
2014-09-04 20:49:05.416 [main] WARNING com.objectaid.uml.util.EclipseHelper loadClass: cannot find com.objectaid.uml.addon.order.NodeOrderEditPolicy in [], no license for [com.objectaid.uml.addon]
2014-09-04 20:49:05.417 [main] WARNING com.objectaid.uml.util.EclipseHelper loadClass: cannot find com.objectaid.uml.addon.doc.TextLinkCreationEditPolicy in [], no license for [com.objectaid.uml.addon]
2014-09-04 20:49:09.629 [main] WARNING com.objectaid.uml.util.EclipseHelper loadClass: cannot find com.objectaid.uml.addon.order.NodeOrderEditPolicy in [], no license for [com.objectaid.uml.addon]
2014-09-04 20:49:09.630 [main] WARNING com.objectaid.uml.util.EclipseHelper loadClass: cannot find com.objectaid.uml.addon.doc.TextLinkCreationEditPolicy in [], no license for [com.objectaid.uml.addon]
2014-09-04 20:49:15.219 [main] WARNING com.objectaid.uml.util.EclipseHelper loadClass: cannot find com.objectaid.uml.addon.order.NodeOrderEditPolicy in [], no license for [com.objectaid.uml.addon]
2014-09-04 20:49:15.220 [main] WARNING com.objectaid.uml.util.EclipseHelper loadClass: cannot find com.objectaid.uml.addon.doc.TextLinkCreationEditPolicy in [], no license for [com.objectaid.uml.addon]
2014-09-04 20:49:17.894 [main] WARNING com.objectaid.uml.util.EclipseHelper loadClass: cannot find com.objectaid.uml.addon.order.NodeOrderEditPolicy in [], no license for [com.objectaid.uml.addon]
2014-09-04 20:49:17.895 [main] WARNING com.objectaid.uml.util.EclipseHelper loadClass: cannot find com.objectaid.uml.addon.doc.TextLinkCreationEditPolicy in [], no license for [com.objectaid.uml.addon]
2014-09-04 20:49:20.359 [main] WARNING com.objectaid.uml.util.EclipseHelper loadClass: cannot find com.objectaid.uml.addon.order.NodeOrderEditPolicy in [], no license for [com.objectaid.uml.addon]
2014-09-04 20:49:20.360 [main] WARNING com.objectaid.uml.util.EclipseHelper loadClass: cannot find com.objectaid.uml.addon.doc.TextLinkCreationEditPolicy in [], no license for [com.objectaid.uml.addon]
2014-09-04 20:49:20.375 [main] WARNING com.objectaid.uml.util.EclipseHelper loadClass: cannot find com.objectaid.uml.addon.order.NodeOrderEditPolicy in [], no license for [com.objectaid.uml.addon]
2014-09-04 20:49:20.375 [main] WARNING com.objectaid.uml.util.EclipseHelper loadClass: cannot find com.objectaid.uml.addon.doc.TextLinkCreationEditPolicy in [], no license for [com.objectaid.uml.addon]
2014-09-04 20:49:28.308 [main] WARNING com.objectaid.uml.util.EclipseHelper loadClass: cannot find com.objectaid.uml.addon.order.NodeOrderEditPolicy in [], no license for [com.objectaid.uml.addon]
2014-09-04 20:49:28.310 [main] WARNING com.objectaid.uml.util.EclipseHelper loadClass: cannot find com.objectaid.uml.addon.doc.TextLinkCreationEditPolicy in [], no license for [com.objectaid.uml.addon]
2014-09-04 20:49:31.765 [main] WARNING com.objectaid.uml.util.EclipseHelper loadClass: cannot find com.objectaid.uml.addon.order.NodeOrderEditPolicy in [], no license for [com.objectaid.uml.addon]
2014-09-04 20:49:31.766 [main] WARNING com.objectaid.uml.util.EclipseHelper loadClass: cannot find com.objectaid.uml.addon.doc.TextLinkCreationEditPolicy in [], no license for [com.objectaid.uml.addon]
2014-09-04 20:49:31.767 [main] WARNING com.objectaid.uml.util.EclipseHelper loadClass: cannot find com.objectaid.uml.addon.order.NodeOrderEditPolicy in [], no license for [com.objectaid.uml.addon]
2014-09-04 20:49:31.768 [main] WARNING com.objectaid.uml.util.EclipseHelper loadClass: cannot find com.objectaid.uml.addon.doc.TextLinkCreationEditPolicy in [], no license for [com.objectaid.uml.addon]
2014-09-04 20:49:43.784 [main] WARNING com.objectaid.uml.util.EclipseHelper loadClass: cannot find com.objectaid.uml.addon.order.NodeOrderEditPolicy in [], no license for [com.objectaid.uml.addon]
2014-09-04 20:49:43.786 [main] WARNING com.objectaid.uml.util.EclipseHelper loadClass: cannot find com.objectaid.uml.addon.doc.TextLinkCreationEditPolicy in [], no license for [com.objectaid.uml.addon]
2014-09-04 20:49:45.596 [main] WARNING com.objectaid.uml.util.EclipseHelper loadClass: cannot find com.objectaid.uml.addon.order.NodeOrderEditPolicy in [], no license for [com.objectaid.uml.addon]
2014-09-04 20:49:45.597 [main] WARNING com.objectaid.uml.util.EclipseHelper loadClass: cannot find com.objectaid.uml.addon.doc.TextLinkCreationEditPolicy in [], no license for [com.objectaid.uml.addon]
2014-09-04 20:49:49.329 [main] WARNING com.objectaid.uml.util.EclipseHelper loadClass: cannot find com.objectaid.uml.addon.order.NodeOrderEditPolicy in [], no license for [com.objectaid.uml.addon]
2014-09-04 20:49:49.330 [main] WARNING com.objectaid.uml.util.EclipseHelper loadClass: cannot find com.objectaid.uml.addon.doc.TextLinkCreationEditPolicy in [], no license for [com.objectaid.uml.addon]
2014-09-04 20:49:53.930 [main] WARNING com.objectaid.uml.util.EclipseHelper loadClass: cannot find com.objectaid.uml.addon.order.NodeOrderEditPolicy in [], no license for [com.objectaid.uml.addon]
2014-09-04 20:49:53.931 [main] WARNING com.objectaid.uml.util.EclipseHelper loadClass: cannot find com.objectaid.uml.addon.doc.TextLinkCreationEditPolicy in [], no license for [com.objectaid.uml.addon]
2014-09-04 20:50:22.615 [main] WARNING com.objectaid.uml.util.EclipseHelper loadClass: cannot find com.objectaid.uml.addon.order.NodeOrderEditPolicy in [], no license for [com.objectaid.uml.addon]
2014-09-04 20:50:22.616 [main] WARNING com.objectaid.uml.util.EclipseHelper loadClass: cannot find com.objectaid.uml.addon.doc.TextLinkCreationEditPolicy in [], no license for [com.objectaid.uml.addon]
2014-09-04 20:50:37.574 [main] WARNING com.objectaid.uml.util.EclipseHelper loadClass: cannot find com.objectaid.uml.addon.order.NodeOrderEditPolicy in [], no license for [com.objectaid.uml.addon]
2014-09-04 20:50:37.575 [main] WARNING com.objectaid.uml.util.EclipseHelper loadClass: cannot find com.objectaid.uml.addon.doc.TextLinkCreationEditPolicy in [], no license for [com.objectaid.uml.addon]
2014-09-04 20:50:47.763 [main] WARNING com.objectaid.uml.util.EclipseHelper loadClass: cannot find com.objectaid.uml.addon.order.NodeOrderEditPolicy in [], no license for [com.objectaid.uml.addon]
2014-09-04 20:50:47.764 [main] WARNING com.objectaid.uml.util.EclipseHelper loadClass: cannot find com.objectaid.uml.addon.doc.TextLinkCreationEditPolicy in [], no license for [com.objectaid.uml.addon]
