#
# A fatal error has been detected by the Java Runtime Environment:
#
#  Internal Error (javaClasses.cpp:136), pid=1060, tid=2064
#  fatal error: Invalid layout of preloaded class
#
# JRE version:  (7.0_55-b14) (build )
# Java VM: Java HotSpot(TM) Client VM (24.55-b03 mixed mode windows-x86 )
# Failed to write core dump. Minidumps are not enabled by default on client versions of Windows
#
# If you would like to submit a bug report, please visit:
#   http://bugreport.sun.com/bugreport/crash.jsp
#

---------------  T H R E A D  ---------------

Current thread (0x0055c000):  JavaThread "Unknown thread" [_thread_in_vm, id=2064, stack(0x01790000,0x017e0000)]

Stack: [0x01790000,0x017e0000],  sp=0x017df5e4,  free space=317k
Native frames: (J=compiled Java code, j=interpreted, Vv=VM code, C=native code)
V  [jvm.dll+0x18e051]
V  [jvm.dll+0x187dd6]
V  [jvm.dll+0x358ba]
V  [jvm.dll+0x35946]
V  [jvm.dll+0x43fed]
V  [jvm.dll+0x4429e]
V  [jvm.dll+0x926aa]
V  [jvm.dll+0x92a5b]
V  [jvm.dll+0x13db41]
V  [jvm.dll+0x1606ac]
V  [jvm.dll+0xc8e1f]
C  [javaw.exe+0x13ce]
C  [javaw.exe+0x1e40]
C  [javaw.exe+0xa5b1]
C  [javaw.exe+0xa63b]
C  [kernel32.dll+0x4ee1c]
C  [ntdll.dll+0x637eb]
C  [ntdll.dll+0x637be]


---------------  P R O C E S S  ---------------

Java Threads: ( => current thread )

Other Threads:

=>0x0055c000 (exited) JavaThread "Unknown thread" [_thread_in_vm, id=2064, stack(0x01790000,0x017e0000)]

VM state:not at safepoint (not fully initialized)

VM Mutex/Monitor currently owned by a thread: None

GC Heap History (0 events):
No events

Deoptimization events (0 events):
No events

Internal exceptions (0 events):
No events

Events (10 events):
Event: 0.024 loading class 0x009c9078 done
Event: 0.024 loading class 0x009c8b08 done
Event: 0.024 loading class 0x009c8ae8
Event: 0.024 loading class 0x009cfe10
Event: 0.024 loading class 0x009cfe10 done
Event: 0.024 loading class 0x009cfe40
Event: 0.024 loading class 0x009cfe40 done
Event: 0.024 loading class 0x009cfe70
Event: 0.024 loading class 0x009cfe70 done
Event: 0.024 loading class 0x009c8ae8 done


Dynamic libraries:
0x00b50000 - 0x00b7f000 	C:\Program Files\Java\jre7\bin\javaw.exe
0x77330000 - 0x7746c000 	C:\Windows\SYSTEM32\ntdll.dll
0x75c00000 - 0x75cd4000 	C:\Windows\system32\kernel32.dll
0x75670000 - 0x756bb000 	C:\Windows\system32\KERNELBASE.dll
0x759c0000 - 0x75a60000 	C:\Windows\system32\ADVAPI32.dll
0x76e70000 - 0x76f1c000 	C:\Windows\system32\msvcrt.dll
0x77540000 - 0x77559000 	C:\Windows\SYSTEM32\sechost.dll
0x75770000 - 0x75812000 	C:\Windows\system32\RPCRT4.dll
0x75b30000 - 0x75bf9000 	C:\Windows\system32\USER32.dll
0x758d0000 - 0x7591e000 	C:\Windows\system32\GDI32.dll
0x77470000 - 0x7747a000 	C:\Windows\system32\LPK.dll
0x75920000 - 0x759bd000 	C:\Windows\system32\USP10.dll
0x74180000 - 0x7431e000 	C:\Windows\WinSxS\x86_microsoft.windows.common-controls_6595b64144ccf1df_6.0.7601.17514_none_41e6975e2bd6f2b2\COMCTL32.dll
0x75820000 - 0x75877000 	C:\Windows\system32\SHLWAPI.dll
0x75750000 - 0x7576f000 	C:\Windows\system32\IMM32.DLL
0x75a60000 - 0x75b2c000 	C:\Windows\system32\MSCTF.dll
0x72a30000 - 0x72aef000 	C:\Program Files\Java\jre7\bin\msvcr100.dll
0x67220000 - 0x675a0000 	C:\Program Files\Java\jre7\bin\client\jvm.dll
0x73ad0000 - 0x73ad7000 	C:\Windows\system32\WSOCK32.dll
0x76f20000 - 0x76f55000 	C:\Windows\system32\WS2_32.dll
0x77480000 - 0x77486000 	C:\Windows\system32\NSI.dll
0x6fab0000 - 0x6fae2000 	C:\Windows\system32\WINMM.dll
0x75cf0000 - 0x75cf5000 	C:\Windows\system32\PSAPI.DLL
0x73450000 - 0x7345c000 	C:\Program Files\Java\jre7\bin\verify.dll
0x6c670000 - 0x6c690000 	C:\Program Files\Java\jre7\bin\java.dll
0x729a0000 - 0x729ca000 	C:\Program Files\Java\jre7\bin\jdwp.dll
0x72de0000 - 0x72de7000 	C:\Program Files\Java\jre7\bin\npt.dll
0x70c40000 - 0x70c53000 	C:\Program Files\Java\jre7\bin\zip.dll
0x71be0000 - 0x71ccb000 	C:\Windows\system32\dbghelp.dll

VM Arguments:
jvm_args: -agentlib:jdwp=transport=dt_socket,suspend=y,address=localhost:52352 -Dfile.encoding=Cp1252 -Xbootclasspath:C:\Users\Jean\.android\sdk\platforms\android-19\android.jar 
java_command: com.jeanpower.reggieproject.gameTest
Launcher Type: SUN_STANDARD

Environment Variables:
CLASSPATH=.;C:\Program Files\Java\jre6\lib\ext\QTJava.zip
PATH=C:/Program Files/Java/jre7/bin/client;C:/Program Files/Java/jre7/bin;C:/Program Files/Java/jre7/lib/i386;C:\Program Files\Common Files\Microsoft Shared\Windows Live;C:\Windows\system32;C:\Windows;C:\Windows\System32\Wbem;C:\Windows\System32\WindowsPowerShell\v1.0\;C:\Program Files\QuickTime\QTSystem\;C:\python27;C:\python27\scripts;C:\Program Files\MiKTeX 2.9\miktex\bin\;C:\Program Files\eclipse;
USERNAME=Jean
OS=Windows_NT
PROCESSOR_IDENTIFIER=x86 Family 6 Model 37 Stepping 2, GenuineIntel



---------------  S Y S T E M  ---------------

OS: Windows 7 Build 7601 Service Pack 1

CPU:total 4 (2 cores per cpu, 2 threads per core) family 6 model 37 stepping 2, cmov, cx8, fxsr, mmx, sse, sse2, sse3, ssse3, sse4.1, sse4.2, popcnt, ht, tsc, tscinvbit

Memory: 4k page, physical 3005032k(956968k free), swap 6008312k(3120056k free)

vm_info: Java HotSpot(TM) Client VM (24.55-b03) for windows-x86 JRE (1.7.0_55-b14), built on Apr 14 2014 18:25:32 by "java_re" with unknown MS VC++:1600

time: Sun Jul 20 16:51:14 2014
elapsed time: 0 seconds

