#
# A fatal error has been detected by the Java Runtime Environment:
#
#  Internal Error (javaClasses.cpp:136), pid=4632, tid=4192
#  fatal error: Invalid layout of preloaded class
#
# JRE version:  (7.0_55-b14) (build )
# Java VM: Java HotSpot(TM) Client VM (24.55-b03 mixed mode windows-x86 )
# Failed to write core dump. Minidumps are not enabled by default on client versions of Windows
#
# If you would like to submit a bug report, please visit:
#   http://bugreport.sun.com/bugreport/crash.jsp
#

---------------  T H R E A D  ---------------

Current thread (0x0121c000):  JavaThread "Unknown thread" [_thread_in_vm, id=4192, stack(0x017b0000,0x01800000)]

Stack: [0x017b0000,0x01800000],  sp=0x017ffa00,  free space=318k
Native frames: (J=compiled Java code, j=interpreted, Vv=VM code, C=native code)
V  [jvm.dll+0x18e051]
V  [jvm.dll+0x187dd6]
V  [jvm.dll+0x358ba]
V  [jvm.dll+0x35946]
V  [jvm.dll+0x43fed]
V  [jvm.dll+0x4429e]
V  [jvm.dll+0x926aa]
V  [jvm.dll+0x92a5b]
V  [jvm.dll+0x13db41]
V  [jvm.dll+0x1606ac]
V  [jvm.dll+0xc8e1f]
C  [javaw.exe+0x13ce]
C  [javaw.exe+0x1e40]
C  [javaw.exe+0xa5b1]
C  [javaw.exe+0xa63b]
C  [kernel32.dll+0x4ee1c]
C  [ntdll.dll+0x637eb]
C  [ntdll.dll+0x637be]


---------------  P R O C E S S  ---------------

Java Threads: ( => current thread )

Other Threads:

=>0x0121c000 (exited) JavaThread "Unknown thread" [_thread_in_vm, id=4192, stack(0x017b0000,0x01800000)]

VM state:not at safepoint (not fully initialized)

VM Mutex/Monitor currently owned by a thread: None

GC Heap History (0 events):
No events

Deoptimization events (0 events):
No events

Internal exceptions (0 events):
No events

Events (10 events):
Event: 0.122 loading class 0x01679078 done
Event: 0.122 loading class 0x01678b08 done
Event: 0.122 loading class 0x01678ae8
Event: 0.122 loading class 0x0167fe10
Event: 0.122 loading class 0x0167fe10 done
Event: 0.122 loading class 0x0167fe40
Event: 0.122 loading class 0x0167fe40 done
Event: 0.122 loading class 0x0167fe70
Event: 0.122 loading class 0x0167fe70 done
Event: 0.122 loading class 0x01678ae8 done


Dynamic libraries:
0x00180000 - 0x001af000 	C:\Program Files\Java\jre7\bin\javaw.exe
0x77960000 - 0x77a9c000 	C:\Windows\SYSTEM32\ntdll.dll
0x75d00000 - 0x75dd4000 	C:\Windows\system32\kernel32.dll
0x75a50000 - 0x75a9b000 	C:\Windows\system32\KERNELBASE.dll
0x77520000 - 0x775c0000 	C:\Windows\system32\ADVAPI32.dll
0x75f70000 - 0x7601c000 	C:\Windows\system32\msvcrt.dll
0x76040000 - 0x76059000 	C:\Windows\SYSTEM32\sechost.dll
0x77820000 - 0x778c2000 	C:\Windows\system32\RPCRT4.dll
0x77ac0000 - 0x77b89000 	C:\Windows\system32\USER32.dll
0x764b0000 - 0x764fe000 	C:\Windows\system32\GDI32.dll
0x77aa0000 - 0x77aaa000 	C:\Windows\system32\LPK.dll
0x760f0000 - 0x7618d000 	C:\Windows\system32\USP10.dll
0x747a0000 - 0x7493e000 	C:\Windows\WinSxS\x86_microsoft.windows.common-controls_6595b64144ccf1df_6.0.7601.17514_none_41e6975e2bd6f2b2\COMCTL32.dll
0x76550000 - 0x765a7000 	C:\Windows\system32\SHLWAPI.dll
0x76020000 - 0x7603f000 	C:\Windows\system32\IMM32.DLL
0x772b0000 - 0x7737c000 	C:\Windows\system32\MSCTF.dll
0x69220000 - 0x692df000 	C:\Program Files\Java\jre7\bin\msvcr100.dll
0x680f0000 - 0x68470000 	C:\Program Files\Java\jre7\bin\client\jvm.dll
0x73ee0000 - 0x73ee7000 	C:\Windows\system32\WSOCK32.dll
0x775c0000 - 0x775f5000 	C:\Windows\system32\WS2_32.dll
0x75ce0000 - 0x75ce6000 	C:\Windows\system32\NSI.dll
0x6fb00000 - 0x6fb32000 	C:\Windows\system32\WINMM.dll
0x77ab0000 - 0x77ab5000 	C:\Windows\system32\PSAPI.DLL
0x73160000 - 0x7316c000 	C:\Program Files\Java\jre7\bin\verify.dll
0x71580000 - 0x715a0000 	C:\Program Files\Java\jre7\bin\java.dll
0x6bb40000 - 0x6bb6a000 	C:\Program Files\Java\jre7\bin\jdwp.dll
0x73130000 - 0x73137000 	C:\Program Files\Java\jre7\bin\npt.dll
0x6d3b0000 - 0x6d3c3000 	C:\Program Files\Java\jre7\bin\zip.dll
0x6fdf0000 - 0x6fedb000 	C:\Windows\system32\dbghelp.dll

VM Arguments:
jvm_args: -agentlib:jdwp=transport=dt_socket,suspend=y,address=localhost:51535 -Dfile.encoding=Cp1252 -Xbootclasspath:C:\Users\Jean\.android\sdk\platforms\android-19\android.jar 
java_command: com.jeanpower.reggieproject.gameTest
Launcher Type: SUN_STANDARD

Environment Variables:
CLASSPATH=.;C:\Program Files\Java\jre6\lib\ext\QTJava.zip
PATH=C:/Program Files/Java/jre7/bin/client;C:/Program Files/Java/jre7/bin;C:/Program Files/Java/jre7/lib/i386;C:\Program Files\Common Files\Microsoft Shared\Windows Live;C:\Windows\system32;C:\Windows;C:\Windows\System32\Wbem;C:\Windows\System32\WindowsPowerShell\v1.0\;C:\Program Files\QuickTime\QTSystem\;C:\python27;C:\python27\scripts;C:\Program Files\MiKTeX 2.9\miktex\bin\;C:\Program Files\eclipse;
USERNAME=Jean
OS=Windows_NT
PROCESSOR_IDENTIFIER=x86 Family 6 Model 37 Stepping 2, GenuineIntel



---------------  S Y S T E M  ---------------

OS: Windows 7 Build 7601 Service Pack 1

CPU:total 4 (2 cores per cpu, 2 threads per core) family 6 model 37 stepping 2, cmov, cx8, fxsr, mmx, sse, sse2, sse3, ssse3, sse4.1, sse4.2, popcnt, ht, tsc, tscinvbit

Memory: 4k page, physical 3005032k(903492k free), swap 6008312k(2405144k free)

vm_info: Java HotSpot(TM) Client VM (24.55-b03) for windows-x86 JRE (1.7.0_55-b14), built on Apr 14 2014 18:25:32 by "java_re" with unknown MS VC++:1600

time: Thu Jun 26 16:00:08 2014
elapsed time: 0 seconds

