#
# A fatal error has been detected by the Java Runtime Environment:
#
#  Internal Error (javaClasses.cpp:136), pid=2752, tid=3564
#  fatal error: Invalid layout of preloaded class
#
# JRE version:  (7.0_55-b14) (build )
# Java VM: Java HotSpot(TM) Client VM (24.55-b03 mixed mode windows-x86 )
# Failed to write core dump. Minidumps are not enabled by default on client versions of Windows
#
# If you would like to submit a bug report, please visit:
#   http://bugreport.sun.com/bugreport/crash.jsp
#

---------------  T H R E A D  ---------------

Current thread (0x0056c000):  JavaThread "Unknown thread" [_thread_in_vm, id=3564, stack(0x006c0000,0x00710000)]

Stack: [0x006c0000,0x00710000],  sp=0x0070f914,  free space=318k
Native frames: (J=compiled Java code, j=interpreted, Vv=VM code, C=native code)
V  [jvm.dll+0x18e051]
V  [jvm.dll+0x187dd6]
V  [jvm.dll+0x358ba]
V  [jvm.dll+0x35946]
V  [jvm.dll+0x43fed]
V  [jvm.dll+0x4429e]
V  [jvm.dll+0x926aa]
V  [jvm.dll+0x92a5b]
V  [jvm.dll+0x13db41]
V  [jvm.dll+0x1606ac]
V  [jvm.dll+0xc8e1f]
C  [javaw.exe+0x13ce]
C  [javaw.exe+0x1e40]
C  [javaw.exe+0xa5b1]
C  [javaw.exe+0xa63b]
C  [kernel32.dll+0x4ee1c]
C  [ntdll.dll+0x637eb]
C  [ntdll.dll+0x637be]


---------------  P R O C E S S  ---------------

Java Threads: ( => current thread )

Other Threads:

=>0x0056c000 (exited) JavaThread "Unknown thread" [_thread_in_vm, id=3564, stack(0x006c0000,0x00710000)]

VM state:not at safepoint (not fully initialized)

VM Mutex/Monitor currently owned by a thread: None

GC Heap History (0 events):
No events

Deoptimization events (0 events):
No events

Internal exceptions (0 events):
No events

Events (10 events):
Event: 0.390 loading class 0x005a9078 done
Event: 0.390 loading class 0x005a8b08 done
Event: 0.390 loading class 0x005a8ae8
Event: 0.390 loading class 0x005afe10
Event: 0.390 loading class 0x005afe10 done
Event: 0.390 loading class 0x005afe40
Event: 0.390 loading class 0x005afe40 done
Event: 0.390 loading class 0x005afe70
Event: 0.390 loading class 0x005afe70 done
Event: 0.390 loading class 0x005a8ae8 done


Dynamic libraries:
0x00890000 - 0x008bf000 	C:\Program Files\Java\jre7\bin\javaw.exe
0x77140000 - 0x7727c000 	C:\Windows\SYSTEM32\ntdll.dll
0x75a60000 - 0x75b34000 	C:\Windows\system32\kernel32.dll
0x753e0000 - 0x7542b000 	C:\Windows\system32\KERNELBASE.dll
0x76fd0000 - 0x77070000 	C:\Windows\system32\ADVAPI32.dll
0x756e0000 - 0x7578c000 	C:\Windows\system32\msvcrt.dll
0x75e50000 - 0x75e69000 	C:\Windows\SYSTEM32\sechost.dll
0x759b0000 - 0x75a52000 	C:\Windows\system32\RPCRT4.dll
0x76e50000 - 0x76f19000 	C:\Windows\system32\USER32.dll
0x76f20000 - 0x76f6e000 	C:\Windows\system32\GDI32.dll
0x77280000 - 0x7728a000 	C:\Windows\system32\LPK.dll
0x772d0000 - 0x7736d000 	C:\Windows\system32\USP10.dll
0x73f90000 - 0x7412e000 	C:\Windows\WinSxS\x86_microsoft.windows.common-controls_6595b64144ccf1df_6.0.7601.17514_none_41e6975e2bd6f2b2\COMCTL32.dll
0x75e70000 - 0x75ec7000 	C:\Windows\system32\SHLWAPI.dll
0x75ed0000 - 0x75eef000 	C:\Windows\system32\IMM32.DLL
0x77070000 - 0x7713c000 	C:\Windows\system32\MSCTF.dll
0x62a70000 - 0x62b2f000 	C:\Program Files\Java\jre7\bin\msvcr100.dll
0x68810000 - 0x68b90000 	C:\Program Files\Java\jre7\bin\client\jvm.dll
0x6bf60000 - 0x6bf67000 	C:\Windows\system32\WSOCK32.dll
0x77290000 - 0x772c5000 	C:\Windows\system32\WS2_32.dll
0x75f80000 - 0x75f86000 	C:\Windows\system32\NSI.dll
0x6d320000 - 0x6d352000 	C:\Windows\system32\WINMM.dll
0x756c0000 - 0x756c5000 	C:\Windows\system32\PSAPI.DLL
0x73f70000 - 0x73f7c000 	C:\Program Files\Java\jre7\bin\verify.dll
0x70ff0000 - 0x71010000 	C:\Program Files\Java\jre7\bin\java.dll
0x6dc90000 - 0x6dcba000 	C:\Program Files\Java\jre7\bin\jdwp.dll
0x71b40000 - 0x71b47000 	C:\Program Files\Java\jre7\bin\npt.dll
0x71060000 - 0x71073000 	C:\Program Files\Java\jre7\bin\zip.dll
0x6f490000 - 0x6f57b000 	C:\Windows\system32\dbghelp.dll

VM Arguments:
jvm_args: -agentlib:jdwp=transport=dt_socket,suspend=y,address=localhost:51205 -Dfile.encoding=Cp1252 -Xbootclasspath:C:\Users\Jean\.android\sdk\platforms\android-19\android.jar 
java_command: com.jeanpower.reggieproject.gameTest
Launcher Type: SUN_STANDARD

Environment Variables:
CLASSPATH=.;C:\Program Files\Java\jre6\lib\ext\QTJava.zip
PATH=C:/Program Files/Java/jre7/bin/client;C:/Program Files/Java/jre7/bin;C:/Program Files/Java/jre7/lib/i386;C:\Program Files\Common Files\Microsoft Shared\Windows Live;C:\Windows\system32;C:\Windows;C:\Windows\System32\Wbem;C:\Windows\System32\WindowsPowerShell\v1.0\;C:\Program Files\QuickTime\QTSystem\;C:\python27;C:\python27\scripts;C:\Program Files\MiKTeX 2.9\miktex\bin\;C:\Program Files\eclipse;
USERNAME=Jean
OS=Windows_NT
PROCESSOR_IDENTIFIER=x86 Family 6 Model 37 Stepping 2, GenuineIntel



---------------  S Y S T E M  ---------------

OS: Windows 7 Build 7601 Service Pack 1

CPU:total 4 (2 cores per cpu, 2 threads per core) family 6 model 37 stepping 2, cmov, cx8, fxsr, mmx, sse, sse2, sse3, ssse3, sse4.1, sse4.2, popcnt, ht, tsc, tscinvbit

Memory: 4k page, physical 3005032k(759368k free), swap 6008312k(2230788k free)

vm_info: Java HotSpot(TM) Client VM (24.55-b03) for windows-x86 JRE (1.7.0_55-b14), built on Apr 14 2014 18:25:32 by "java_re" with unknown MS VC++:1600

time: Wed Jul 16 16:16:55 2014
elapsed time: 1 seconds

