#
# A fatal error has been detected by the Java Runtime Environment:
#
#  Internal Error (javaClasses.cpp:136), pid=2152, tid=3204
#  fatal error: Invalid layout of preloaded class
#
# JRE version:  (7.0_55-b14) (build )
# Java VM: Java HotSpot(TM) Client VM (24.55-b03 mixed mode windows-x86 )
# Failed to write core dump. Minidumps are not enabled by default on client versions of Windows
#
# If you would like to submit a bug report, please visit:
#   http://bugreport.sun.com/bugreport/crash.jsp
#

---------------  T H R E A D  ---------------

Current thread (0x0117bc00):  JavaThread "Unknown thread" [_thread_in_vm, id=3204, stack(0x016d0000,0x01720000)]

Stack: [0x016d0000,0x01720000],  sp=0x0171f738,  free space=317k
Native frames: (J=compiled Java code, j=interpreted, Vv=VM code, C=native code)
V  [jvm.dll+0x18e051]
V  [jvm.dll+0x187dd6]
V  [jvm.dll+0x358ba]
V  [jvm.dll+0x35946]
V  [jvm.dll+0x43fed]
V  [jvm.dll+0x4429e]
V  [jvm.dll+0x926aa]
V  [jvm.dll+0x92a5b]
V  [jvm.dll+0x13db41]
V  [jvm.dll+0x1606ac]
V  [jvm.dll+0xc8e1f]
C  [javaw.exe+0x13ce]
C  [javaw.exe+0x1e40]
C  [javaw.exe+0xa5b1]
C  [javaw.exe+0xa63b]
C  [kernel32.dll+0x4ee1c]
C  [ntdll.dll+0x637eb]
C  [ntdll.dll+0x637be]


---------------  P R O C E S S  ---------------

Java Threads: ( => current thread )

Other Threads:

=>0x0117bc00 (exited) JavaThread "Unknown thread" [_thread_in_vm, id=3204, stack(0x016d0000,0x01720000)]

VM state:not at safepoint (not fully initialized)

VM Mutex/Monitor currently owned by a thread: None

GC Heap History (0 events):
No events

Deoptimization events (0 events):
No events

Internal exceptions (0 events):
No events

Events (10 events):
Event: 0.016 loading class 0x015a8c78 done
Event: 0.017 loading class 0x015a8708 done
Event: 0.017 loading class 0x015a86e8
Event: 0.017 loading class 0x015afa10
Event: 0.017 loading class 0x015afa10 done
Event: 0.017 loading class 0x015afa40
Event: 0.017 loading class 0x015afa40 done
Event: 0.017 loading class 0x015afa70
Event: 0.017 loading class 0x015afa70 done
Event: 0.017 loading class 0x015a86e8 done


Dynamic libraries:
0x01210000 - 0x0123f000 	C:\Program Files\Java\jre7\bin\javaw.exe
0x773f0000 - 0x7752c000 	C:\Windows\SYSTEM32\ntdll.dll
0x76e40000 - 0x76f14000 	C:\Windows\system32\kernel32.dll
0x75590000 - 0x755db000 	C:\Windows\system32\KERNELBASE.dll
0x76da0000 - 0x76e40000 	C:\Windows\system32\ADVAPI32.dll
0x76c60000 - 0x76d0c000 	C:\Windows\system32\msvcrt.dll
0x77560000 - 0x77579000 	C:\Windows\SYSTEM32\sechost.dll
0x76bb0000 - 0x76c52000 	C:\Windows\system32\RPCRT4.dll
0x771c0000 - 0x77289000 	C:\Windows\system32\USER32.dll
0x76d50000 - 0x76d9e000 	C:\Windows\system32\GDI32.dll
0x77580000 - 0x7758a000 	C:\Windows\system32\LPK.dll
0x76a50000 - 0x76aed000 	C:\Windows\system32\USP10.dll
0x74230000 - 0x743ce000 	C:\Windows\WinSxS\x86_microsoft.windows.common-controls_6595b64144ccf1df_6.0.7601.17514_none_41e6975e2bd6f2b2\COMCTL32.dll
0x76b50000 - 0x76ba7000 	C:\Windows\system32\SHLWAPI.dll
0x77540000 - 0x7755f000 	C:\Windows\system32\IMM32.DLL
0x759d0000 - 0x75a9c000 	C:\Windows\system32\MSCTF.dll
0x6b200000 - 0x6b2bf000 	C:\Program Files\Java\jre7\bin\msvcr100.dll
0x6a9b0000 - 0x6ad30000 	C:\Program Files\Java\jre7\bin\client\jvm.dll
0x6bf00000 - 0x6bf07000 	C:\Windows\system32\WSOCK32.dll
0x76d10000 - 0x76d45000 	C:\Windows\system32\WS2_32.dll
0x759c0000 - 0x759c6000 	C:\Windows\system32\NSI.dll
0x6e090000 - 0x6e0c2000 	C:\Windows\system32\WINMM.dll
0x77590000 - 0x77595000 	C:\Windows\system32\PSAPI.DLL
0x74210000 - 0x7421c000 	C:\Program Files\Java\jre7\bin\verify.dll
0x73ba0000 - 0x73bc0000 	C:\Program Files\Java\jre7\bin\java.dll
0x73c00000 - 0x73c13000 	C:\Program Files\Java\jre7\bin\zip.dll
0x6f780000 - 0x6f86b000 	C:\Windows\system32\dbghelp.dll

VM Arguments:
jvm_args: -Dfile.encoding=Cp1252 -Xbootclasspath:C:\Users\Jean\.android\sdk\platforms\android-19\android.jar 
java_command: com.jeanpower.reggieproject.gameTest
Launcher Type: SUN_STANDARD

Environment Variables:
CLASSPATH=.;C:\Program Files\Java\jre6\lib\ext\QTJava.zip
PATH=C:/Program Files/Java/jre7/bin/client;C:/Program Files/Java/jre7/bin;C:/Program Files/Java/jre7/lib/i386;C:\Program Files\Common Files\Microsoft Shared\Windows Live;C:\Windows\system32;C:\Windows;C:\Windows\System32\Wbem;C:\Windows\System32\WindowsPowerShell\v1.0\;C:\Program Files\QuickTime\QTSystem\;C:\python27;C:\python27\scripts;C:\Program Files\MiKTeX 2.9\miktex\bin\;C:\Program Files\eclipse;
USERNAME=Jean
OS=Windows_NT
PROCESSOR_IDENTIFIER=x86 Family 6 Model 37 Stepping 2, GenuineIntel



---------------  S Y S T E M  ---------------

OS: Windows 7 Build 7601 Service Pack 1

CPU:total 4 (2 cores per cpu, 2 threads per core) family 6 model 37 stepping 2, cmov, cx8, fxsr, mmx, sse, sse2, sse3, ssse3, sse4.1, sse4.2, popcnt, ht, tsc, tscinvbit

Memory: 4k page, physical 3005032k(902600k free), swap 6008312k(3033508k free)

vm_info: Java HotSpot(TM) Client VM (24.55-b03) for windows-x86 JRE (1.7.0_55-b14), built on Apr 14 2014 18:25:32 by "java_re" with unknown MS VC++:1600

time: Sun Jun 22 15:38:02 2014
elapsed time: 0 seconds

